Copyright 1986-2021 Xilinx, Inc. All Rights Reserved.
------------------------------------------------------------------------------------
| Tool Version : Vivado v.2021.1 (win64) Build 3247384 Thu Jun 10 19:36:33 MDT 2021
| Date         : Wed Sep 15 16:16:52 2021
| Host         : LAPTOP-SAK8RQEL running 64-bit major release  (build 9200)
| Command      : report_control_sets -verbose -file Encrypt_control_sets_placed.rpt
| Design       : Encrypt
| Device       : xc7k70t
------------------------------------------------------------------------------------

Control Set Information

Table of Contents
-----------------
1. Summary
2. Histogram
3. Flip-Flop Distribution
4. Detailed Control Set Information

1. Summary
----------

+----------------------------------------------------------+-------+
|                          Status                          | Count |
+----------------------------------------------------------+-------+
| Total control sets                                       |   193 |
|    Minimum number of control sets                        |   193 |
|    Addition due to synthesis replication                 |     0 |
|    Addition due to physical synthesis replication        |     0 |
| Unused register locations in slices containing registers |  1347 |
+----------------------------------------------------------+-------+
* Control sets can be merged at opt_design using control_set_merge or merge_equivalent_drivers
** Run report_qor_suggestions for automated merging and remapping suggestions


2. Histogram
------------

+--------------------+-------+
|       Fanout       | Count |
+--------------------+-------+
| Total control sets |   193 |
| >= 0 to < 4        |   192 |
| >= 4 to < 6        |     1 |
| >= 6 to < 8        |     0 |
| >= 8 to < 10       |     0 |
| >= 10 to < 12      |     0 |
| >= 12 to < 14      |     0 |
| >= 14 to < 16      |     0 |
| >= 16              |     0 |
+--------------------+-------+
* Control sets can be remapped at either synth_design or opt_design


3. Flip-Flop Distribution
-------------------------

+--------------+-----------------------+------------------------+-----------------+--------------+
| Clock Enable | Synchronous Set/Reset | Asynchronous Set/Reset | Total Registers | Total Slices |
+--------------+-----------------------+------------------------+-----------------+--------------+
| No           | No                    | No                     |               0 |            0 |
| No           | No                    | Yes                    |             128 |          128 |
| No           | Yes                   | No                     |              64 |           64 |
| Yes          | No                    | No                     |               0 |            0 |
| Yes          | No                    | Yes                    |               5 |            1 |
| Yes          | Yes                   | No                     |               0 |            0 |
+--------------+-----------------------+------------------------+-----------------+--------------+


4. Detailed Control Set Information
-----------------------------------

+---------------------------------+------------------+--------------------------------+------------------+----------------+--------------+
|           Clock Signal          |   Enable Signal  |        Set/Reset Signal        | Slice Load Count | Bel Load Count | Bels / Slice |
+---------------------------------+------------------+--------------------------------+------------------+----------------+--------------+
|  init_state_reg[10]_LDC_i_1_n_0 |                  | init_state_reg[10]_LDC_i_2_n_0 |                1 |              1 |         1.00 |
|  init_state_reg[11]_LDC_i_1_n_0 |                  | init_state_reg[11]_LDC_i_2_n_0 |                1 |              1 |         1.00 |
|  init_state_reg[12]_LDC_i_1_n_0 |                  | init_state_reg[12]_LDC_i_2_n_0 |                1 |              1 |         1.00 |
|  Clock_IBUF_BUFG                |                  | init_state_reg[0]_LDC_i_2_n_0  |                1 |              1 |         1.00 |
|  Clock_IBUF_BUFG                |                  | init_state_reg[10]_LDC_i_1_n_0 |                1 |              1 |         1.00 |
|  Clock_IBUF_BUFG                |                  | init_state_reg[11]_LDC_i_1_n_0 |                1 |              1 |         1.00 |
|  Clock_IBUF_BUFG                |                  | init_state_reg[11]_LDC_i_2_n_0 |                1 |              1 |         1.00 |
|  Clock_IBUF_BUFG                |                  | init_state_reg[12]_LDC_i_1_n_0 |                1 |              1 |         1.00 |
|  Clock_IBUF_BUFG                |                  | init_state_reg[12]_LDC_i_2_n_0 |                1 |              1 |         1.00 |
|  Clock_IBUF_BUFG                |                  | init_state_reg[10]_LDC_i_2_n_0 |                1 |              1 |         1.00 |
|  Clock_IBUF_BUFG                |                  | init_state_reg[0]_LDC_i_1_n_0  |                1 |              1 |         1.00 |
|  Clock_IBUF_BUFG                |                  | init_state_reg[21]_LDC_i_2_n_0 |                1 |              1 |         1.00 |
|  Clock_IBUF_BUFG                |                  | init_state_reg[1]_LDC_i_1_n_0  |                1 |              1 |         1.00 |
|  Clock_IBUF_BUFG                |                  | init_state_reg[22]_LDC_i_1_n_0 |                1 |              1 |         1.00 |
|  Clock_IBUF_BUFG                |                  | init_state_reg[15]_LDC_i_2_n_0 |                1 |              1 |         1.00 |
|  Clock_IBUF_BUFG                |                  | init_state_reg[14]_LDC_i_1_n_0 |                1 |              1 |         1.00 |
|  Clock_IBUF_BUFG                |                  | init_state_reg[13]_LDC_i_2_n_0 |                1 |              1 |         1.00 |
|  Clock_IBUF_BUFG                |                  | init_state_reg[20]_LDC_i_1_n_0 |                1 |              1 |         1.00 |
|  Clock_IBUF_BUFG                |                  | init_state_reg[22]_LDC_i_2_n_0 |                1 |              1 |         1.00 |
|  Clock_IBUF_BUFG                |                  | init_state_reg[17]_LDC_i_2_n_0 |                1 |              1 |         1.00 |
|  Clock_IBUF_BUFG                |                  | init_state_reg[23]_LDC_i_1_n_0 |                1 |              1 |         1.00 |
|  Clock_IBUF_BUFG                |                  | init_state_reg[23]_LDC_i_2_n_0 |                1 |              1 |         1.00 |
|  Clock_IBUF_BUFG                |                  | init_state_reg[18]_LDC_i_2_n_0 |                1 |              1 |         1.00 |
|  Clock_IBUF_BUFG                |                  | init_state_reg[24]_LDC_i_1_n_0 |                1 |              1 |         1.00 |
|  Clock_IBUF_BUFG                |                  | init_state_reg[16]_LDC_i_2_n_0 |                1 |              1 |         1.00 |
|  Clock_IBUF_BUFG                |                  | init_state_reg[19]_LDC_i_1_n_0 |                1 |              1 |         1.00 |
|  Clock_IBUF_BUFG                |                  | init_state_reg[1]_LDC_i_2_n_0  |                1 |              1 |         1.00 |
|  Clock_IBUF_BUFG                |                  | init_state_reg[15]_LDC_i_1_n_0 |                1 |              1 |         1.00 |
|  Clock_IBUF_BUFG                |                  | init_state_reg[17]_LDC_i_1_n_0 |                1 |              1 |         1.00 |
|  Clock_IBUF_BUFG                |                  | init_state_reg[13]_LDC_i_1_n_0 |                1 |              1 |         1.00 |
|  Clock_IBUF_BUFG                |                  | init_state_reg[16]_LDC_i_1_n_0 |                1 |              1 |         1.00 |
|  Clock_IBUF_BUFG                |                  | init_state_reg[14]_LDC_i_2_n_0 |                1 |              1 |         1.00 |
|  Clock_IBUF_BUFG                |                  | init_state_reg[18]_LDC_i_1_n_0 |                1 |              1 |         1.00 |
|  Clock_IBUF_BUFG                |                  | init_state_reg[19]_LDC_i_2_n_0 |                1 |              1 |         1.00 |
|  Clock_IBUF_BUFG                |                  | init_state_reg[20]_LDC_i_2_n_0 |                1 |              1 |         1.00 |
|  Clock_IBUF_BUFG                |                  | init_state_reg[21]_LDC_i_1_n_0 |                1 |              1 |         1.00 |
|  Clock_IBUF_BUFG                |                  | init_state_reg[24]_LDC_i_2_n_0 |                1 |              1 |         1.00 |
|  Clock_IBUF_BUFG                |                  | init_state_reg[28]_LDC_i_2_n_0 |                1 |              1 |         1.00 |
|  Clock_IBUF_BUFG                |                  | init_state_reg[30]_LDC_i_1_n_0 |                1 |              1 |         1.00 |
|  Clock_IBUF_BUFG                |                  | init_state_reg[31]_LDC_i_1_n_0 |                1 |              1 |         1.00 |
|  Clock_IBUF_BUFG                |                  | init_state_reg[31]_LDC_i_2_n_0 |                1 |              1 |         1.00 |
|  Clock_IBUF_BUFG                |                  | init_state_reg[25]_LDC_i_1_n_0 |                1 |              1 |         1.00 |
|  Clock_IBUF_BUFG                |                  | init_state_reg[34]_LDC_i_1_n_0 |                1 |              1 |         1.00 |
|  Clock_IBUF_BUFG                |                  | init_state_reg[25]_LDC_i_2_n_0 |                1 |              1 |         1.00 |
|  Clock_IBUF_BUFG                |                  | init_state_reg[27]_LDC_i_2_n_0 |                1 |              1 |         1.00 |
|  Clock_IBUF_BUFG                |                  | init_state_reg[35]_LDC_i_1_n_0 |                1 |              1 |         1.00 |
|  Clock_IBUF_BUFG                |                  | init_state_reg[27]_LDC_i_1_n_0 |                1 |              1 |         1.00 |
|  Clock_IBUF_BUFG                |                  | init_state_reg[26]_LDC_i_2_n_0 |                1 |              1 |         1.00 |
|  Clock_IBUF_BUFG                |                  | init_state_reg[29]_LDC_i_2_n_0 |                1 |              1 |         1.00 |
|  Clock_IBUF_BUFG                |                  | init_state_reg[2]_LDC_i_1_n_0  |                1 |              1 |         1.00 |
|  Clock_IBUF_BUFG                |                  | init_state_reg[30]_LDC_i_2_n_0 |                1 |              1 |         1.00 |
|  Clock_IBUF_BUFG                |                  | init_state_reg[28]_LDC_i_1_n_0 |                1 |              1 |         1.00 |
|  Clock_IBUF_BUFG                |                  | init_state_reg[2]_LDC_i_2_n_0  |                1 |              1 |         1.00 |
|  Clock_IBUF_BUFG                |                  | init_state_reg[32]_LDC_i_1_n_0 |                1 |              1 |         1.00 |
|  Clock_IBUF_BUFG                |                  | init_state_reg[32]_LDC_i_2_n_0 |                1 |              1 |         1.00 |
|  Clock_IBUF_BUFG                |                  | init_state_reg[33]_LDC_i_1_n_0 |                1 |              1 |         1.00 |
|  Clock_IBUF_BUFG                |                  | init_state_reg[33]_LDC_i_2_n_0 |                1 |              1 |         1.00 |
|  Clock_IBUF_BUFG                |                  | init_state_reg[26]_LDC_i_1_n_0 |                1 |              1 |         1.00 |
|  Clock_IBUF_BUFG                |                  | init_state_reg[34]_LDC_i_2_n_0 |                1 |              1 |         1.00 |
|  Clock_IBUF_BUFG                |                  | init_state_reg[29]_LDC_i_1_n_0 |                1 |              1 |         1.00 |
|  Clock_IBUF_BUFG                |                  | init_state_reg[35]_LDC_i_2_n_0 |                1 |              1 |         1.00 |
|  Clock_IBUF_BUFG                |                  | init_state_reg[45]_LDC_i_2_n_0 |                1 |              1 |         1.00 |
|  Clock_IBUF_BUFG                |                  | init_state_reg[38]_LDC_i_1_n_0 |                1 |              1 |         1.00 |
|  Clock_IBUF_BUFG                |                  | init_state_reg[46]_LDC_i_1_n_0 |                1 |              1 |         1.00 |
|  Clock_IBUF_BUFG                |                  | init_state_reg[3]_LDC_i_2_n_0  |                1 |              1 |         1.00 |
|  Clock_IBUF_BUFG                |                  | init_state_reg[46]_LDC_i_2_n_0 |                1 |              1 |         1.00 |
|  Clock_IBUF_BUFG                |                  | init_state_reg[47]_LDC_i_1_n_0 |                1 |              1 |         1.00 |
|  Clock_IBUF_BUFG                |                  | init_state_reg[40]_LDC_i_2_n_0 |                1 |              1 |         1.00 |
|  Clock_IBUF_BUFG                |                  | init_state_reg[47]_LDC_i_2_n_0 |                1 |              1 |         1.00 |
|  Clock_IBUF_BUFG                |                  | init_state_reg[43]_LDC_i_1_n_0 |                1 |              1 |         1.00 |
|  Clock_IBUF_BUFG                |                  | init_state_reg[44]_LDC_i_1_n_0 |                1 |              1 |         1.00 |
|  Clock_IBUF_BUFG                |                  | init_state_reg[42]_LDC_i_2_n_0 |                1 |              1 |         1.00 |
|  Clock_IBUF_BUFG                |                  | init_state_reg[45]_LDC_i_1_n_0 |                1 |              1 |         1.00 |
|  Clock_IBUF_BUFG                |                  | init_state_reg[37]_LDC_i_1_n_0 |                1 |              1 |         1.00 |
|  Clock_IBUF_BUFG                |                  | init_state_reg[39]_LDC_i_2_n_0 |                1 |              1 |         1.00 |
|  Clock_IBUF_BUFG                |                  | init_state_reg[37]_LDC_i_2_n_0 |                1 |              1 |         1.00 |
|  Clock_IBUF_BUFG                |                  | init_state_reg[38]_LDC_i_2_n_0 |                1 |              1 |         1.00 |
|  Clock_IBUF_BUFG                |                  | init_state_reg[39]_LDC_i_1_n_0 |                1 |              1 |         1.00 |
|  Clock_IBUF_BUFG                |                  | init_state_reg[36]_LDC_i_1_n_0 |                1 |              1 |         1.00 |
|  Clock_IBUF_BUFG                |                  | init_state_reg[3]_LDC_i_1_n_0  |                1 |              1 |         1.00 |
|  Clock_IBUF_BUFG                |                  | init_state_reg[41]_LDC_i_1_n_0 |                1 |              1 |         1.00 |
|  Clock_IBUF_BUFG                |                  | init_state_reg[43]_LDC_i_2_n_0 |                1 |              1 |         1.00 |
|  Clock_IBUF_BUFG                |                  | init_state_reg[44]_LDC_i_2_n_0 |                1 |              1 |         1.00 |
|  Clock_IBUF_BUFG                |                  | init_state_reg[36]_LDC_i_2_n_0 |                1 |              1 |         1.00 |
|  Clock_IBUF_BUFG                |                  | init_state_reg[40]_LDC_i_1_n_0 |                1 |              1 |         1.00 |
|  Clock_IBUF_BUFG                |                  | init_state_reg[42]_LDC_i_1_n_0 |                1 |              1 |         1.00 |
|  Clock_IBUF_BUFG                |                  | init_state_reg[41]_LDC_i_2_n_0 |                1 |              1 |         1.00 |
|  Clock_IBUF_BUFG                |                  | init_state_reg[59]_LDC_i_1_n_0 |                1 |              1 |         1.00 |
|  Clock_IBUF_BUFG                |                  | init_state_reg[49]_LDC_i_2_n_0 |                1 |              1 |         1.00 |
|  Clock_IBUF_BUFG                |                  | init_state_reg[51]_LDC_i_2_n_0 |                1 |              1 |         1.00 |
|  Clock_IBUF_BUFG                |                  | init_state_reg[55]_LDC_i_1_n_0 |                1 |              1 |         1.00 |
|  Clock_IBUF_BUFG                |                  | init_state_reg[52]_LDC_i_2_n_0 |                1 |              1 |         1.00 |
|  Clock_IBUF_BUFG                |                  | init_state_reg[59]_LDC_i_2_n_0 |                1 |              1 |         1.00 |
|  Clock_IBUF_BUFG                |                  | init_state_reg[57]_LDC_i_1_n_0 |                1 |              1 |         1.00 |
|  Clock_IBUF_BUFG                |                  | init_state_reg[48]_LDC_i_1_n_0 |                1 |              1 |         1.00 |
|  Clock_IBUF_BUFG                |                  | init_state_reg[49]_LDC_i_1_n_0 |                1 |              1 |         1.00 |
|  Clock_IBUF_BUFG                |                  | init_state_reg[50]_LDC_i_1_n_0 |                1 |              1 |         1.00 |
|  Clock_IBUF_BUFG                |                  | init_state_reg[51]_LDC_i_1_n_0 |                1 |              1 |         1.00 |
|  Clock_IBUF_BUFG                |                  | init_state_reg[52]_LDC_i_1_n_0 |                1 |              1 |         1.00 |
|  Clock_IBUF_BUFG                |                  | init_state_reg[53]_LDC_i_1_n_0 |                1 |              1 |         1.00 |
|  Clock_IBUF_BUFG                |                  | init_state_reg[54]_LDC_i_1_n_0 |                1 |              1 |         1.00 |
|  Clock_IBUF_BUFG                |                  | init_state_reg[4]_LDC_i_2_n_0  |                1 |              1 |         1.00 |
|  Clock_IBUF_BUFG                |                  | init_state_reg[53]_LDC_i_2_n_0 |                1 |              1 |         1.00 |
|  Clock_IBUF_BUFG                |                  | init_state_reg[56]_LDC_i_1_n_0 |                1 |              1 |         1.00 |
|  Clock_IBUF_BUFG                |                  | init_state_reg[54]_LDC_i_2_n_0 |                1 |              1 |         1.00 |
|  Clock_IBUF_BUFG                |                  | init_state_reg[48]_LDC_i_2_n_0 |                1 |              1 |         1.00 |
|  Clock_IBUF_BUFG                |                  | init_state_reg[50]_LDC_i_2_n_0 |                1 |              1 |         1.00 |
|  Clock_IBUF_BUFG                |                  | init_state_reg[55]_LDC_i_2_n_0 |                1 |              1 |         1.00 |
|  Clock_IBUF_BUFG                |                  | init_state_reg[56]_LDC_i_2_n_0 |                1 |              1 |         1.00 |
|  Clock_IBUF_BUFG                |                  | init_state_reg[4]_LDC_i_1_n_0  |                1 |              1 |         1.00 |
|  Clock_IBUF_BUFG                |                  | init_state_reg[57]_LDC_i_2_n_0 |                1 |              1 |         1.00 |
|  Clock_IBUF_BUFG                |                  | init_state_reg[58]_LDC_i_1_n_0 |                1 |              1 |         1.00 |
|  Clock_IBUF_BUFG                |                  | init_state_reg[58]_LDC_i_2_n_0 |                1 |              1 |         1.00 |
|  Clock_IBUF_BUFG                |                  | init_state_reg[63]_LDC_i_2_n_0 |                1 |              1 |         1.00 |
|  Clock_IBUF_BUFG                |                  | init_state_reg[62]_LDC_i_1_n_0 |                1 |              1 |         1.00 |
|  Clock_IBUF_BUFG                |                  | init_state_reg[9]_LDC_i_1_n_0  |                1 |              1 |         1.00 |
|  Clock_IBUF_BUFG                |                  | init_state_reg[61]_LDC_i_2_n_0 |                1 |              1 |         1.00 |
|  Clock_IBUF_BUFG                |                  | init_state_reg[7]_LDC_i_1_n_0  |                1 |              1 |         1.00 |
|  Clock_IBUF_BUFG                |                  | init_state_reg[61]_LDC_i_1_n_0 |                1 |              1 |         1.00 |
|  Clock_IBUF_BUFG                |                  | init_state_reg[5]_LDC_i_2_n_0  |                1 |              1 |         1.00 |
|  Clock_IBUF_BUFG                |                  | init_state_reg[63]_LDC_i_1_n_0 |                1 |              1 |         1.00 |
|  Clock_IBUF_BUFG                |                  | init_state_reg[9]_LDC_i_2_n_0  |                1 |              1 |         1.00 |
|  Clock_IBUF_BUFG                |                  | init_state_reg[60]_LDC_i_1_n_0 |                1 |              1 |         1.00 |
|  Clock_IBUF_BUFG                |                  | init_state_reg[60]_LDC_i_2_n_0 |                1 |              1 |         1.00 |
|  Clock_IBUF_BUFG                |                  | init_state_reg[6]_LDC_i_1_n_0  |                1 |              1 |         1.00 |
|  Clock_IBUF_BUFG                |                  | init_state_reg[5]_LDC_i_1_n_0  |                1 |              1 |         1.00 |
|  Clock_IBUF_BUFG                |                  | init_state_reg[62]_LDC_i_2_n_0 |                1 |              1 |         1.00 |
|  Clock_IBUF_BUFG                |                  | init_state_reg[6]_LDC_i_2_n_0  |                1 |              1 |         1.00 |
|  Clock_IBUF_BUFG                |                  | init_state_reg[8]_LDC_i_2_n_0  |                1 |              1 |         1.00 |
|  Clock_IBUF_BUFG                |                  | init_state_reg[8]_LDC_i_1_n_0  |                1 |              1 |         1.00 |
|  Clock_IBUF_BUFG                |                  | init_state_reg[7]_LDC_i_2_n_0  |                1 |              1 |         1.00 |
|  init_state_reg[0]_LDC_i_1_n_0  |                  | init_state_reg[0]_LDC_i_2_n_0  |                1 |              1 |         1.00 |
|  init_state_reg[1]_LDC_i_1_n_0  |                  | init_state_reg[1]_LDC_i_2_n_0  |                1 |              1 |         1.00 |
|  init_state_reg[22]_LDC_i_1_n_0 |                  | init_state_reg[22]_LDC_i_2_n_0 |                1 |              1 |         1.00 |
|  init_state_reg[14]_LDC_i_1_n_0 |                  | init_state_reg[14]_LDC_i_2_n_0 |                1 |              1 |         1.00 |
|  init_state_reg[20]_LDC_i_1_n_0 |                  | init_state_reg[20]_LDC_i_2_n_0 |                1 |              1 |         1.00 |
|  init_state_reg[23]_LDC_i_1_n_0 |                  | init_state_reg[23]_LDC_i_2_n_0 |                1 |              1 |         1.00 |
|  init_state_reg[24]_LDC_i_1_n_0 |                  | init_state_reg[24]_LDC_i_2_n_0 |                1 |              1 |         1.00 |
|  init_state_reg[19]_LDC_i_1_n_0 |                  | init_state_reg[19]_LDC_i_2_n_0 |                1 |              1 |         1.00 |
|  init_state_reg[15]_LDC_i_1_n_0 |                  | init_state_reg[15]_LDC_i_2_n_0 |                1 |              1 |         1.00 |
|  init_state_reg[17]_LDC_i_1_n_0 |                  | init_state_reg[17]_LDC_i_2_n_0 |                1 |              1 |         1.00 |
|  init_state_reg[13]_LDC_i_1_n_0 |                  | init_state_reg[13]_LDC_i_2_n_0 |                1 |              1 |         1.00 |
|  init_state_reg[16]_LDC_i_1_n_0 |                  | init_state_reg[16]_LDC_i_2_n_0 |                1 |              1 |         1.00 |
|  init_state_reg[18]_LDC_i_1_n_0 |                  | init_state_reg[18]_LDC_i_2_n_0 |                1 |              1 |         1.00 |
|  init_state_reg[21]_LDC_i_1_n_0 |                  | init_state_reg[21]_LDC_i_2_n_0 |                1 |              1 |         1.00 |
|  init_state_reg[30]_LDC_i_1_n_0 |                  | init_state_reg[30]_LDC_i_2_n_0 |                1 |              1 |         1.00 |
|  init_state_reg[31]_LDC_i_1_n_0 |                  | init_state_reg[31]_LDC_i_2_n_0 |                1 |              1 |         1.00 |
|  init_state_reg[25]_LDC_i_1_n_0 |                  | init_state_reg[25]_LDC_i_2_n_0 |                1 |              1 |         1.00 |
|  init_state_reg[34]_LDC_i_1_n_0 |                  | init_state_reg[34]_LDC_i_2_n_0 |                1 |              1 |         1.00 |
|  init_state_reg[35]_LDC_i_1_n_0 |                  | init_state_reg[35]_LDC_i_2_n_0 |                1 |              1 |         1.00 |
|  init_state_reg[27]_LDC_i_1_n_0 |                  | init_state_reg[27]_LDC_i_2_n_0 |                1 |              1 |         1.00 |
|  init_state_reg[2]_LDC_i_1_n_0  |                  | init_state_reg[2]_LDC_i_2_n_0  |                1 |              1 |         1.00 |
|  init_state_reg[28]_LDC_i_1_n_0 |                  | init_state_reg[28]_LDC_i_2_n_0 |                1 |              1 |         1.00 |
|  init_state_reg[32]_LDC_i_1_n_0 |                  | init_state_reg[32]_LDC_i_2_n_0 |                1 |              1 |         1.00 |
|  init_state_reg[33]_LDC_i_1_n_0 |                  | init_state_reg[33]_LDC_i_2_n_0 |                1 |              1 |         1.00 |
|  init_state_reg[26]_LDC_i_1_n_0 |                  | init_state_reg[26]_LDC_i_2_n_0 |                1 |              1 |         1.00 |
|  init_state_reg[29]_LDC_i_1_n_0 |                  | init_state_reg[29]_LDC_i_2_n_0 |                1 |              1 |         1.00 |
|  init_state_reg[38]_LDC_i_1_n_0 |                  | init_state_reg[38]_LDC_i_2_n_0 |                1 |              1 |         1.00 |
|  init_state_reg[46]_LDC_i_1_n_0 |                  | init_state_reg[46]_LDC_i_2_n_0 |                1 |              1 |         1.00 |
|  init_state_reg[47]_LDC_i_1_n_0 |                  | init_state_reg[47]_LDC_i_2_n_0 |                1 |              1 |         1.00 |
|  init_state_reg[43]_LDC_i_1_n_0 |                  | init_state_reg[43]_LDC_i_2_n_0 |                1 |              1 |         1.00 |
|  init_state_reg[44]_LDC_i_1_n_0 |                  | init_state_reg[44]_LDC_i_2_n_0 |                1 |              1 |         1.00 |
|  init_state_reg[45]_LDC_i_1_n_0 |                  | init_state_reg[45]_LDC_i_2_n_0 |                1 |              1 |         1.00 |
|  init_state_reg[37]_LDC_i_1_n_0 |                  | init_state_reg[37]_LDC_i_2_n_0 |                1 |              1 |         1.00 |
|  init_state_reg[39]_LDC_i_1_n_0 |                  | init_state_reg[39]_LDC_i_2_n_0 |                1 |              1 |         1.00 |
|  init_state_reg[36]_LDC_i_1_n_0 |                  | init_state_reg[36]_LDC_i_2_n_0 |                1 |              1 |         1.00 |
|  init_state_reg[3]_LDC_i_1_n_0  |                  | init_state_reg[3]_LDC_i_2_n_0  |                1 |              1 |         1.00 |
|  init_state_reg[41]_LDC_i_1_n_0 |                  | init_state_reg[41]_LDC_i_2_n_0 |                1 |              1 |         1.00 |
|  init_state_reg[40]_LDC_i_1_n_0 |                  | init_state_reg[40]_LDC_i_2_n_0 |                1 |              1 |         1.00 |
|  init_state_reg[42]_LDC_i_1_n_0 |                  | init_state_reg[42]_LDC_i_2_n_0 |                1 |              1 |         1.00 |
|  init_state_reg[59]_LDC_i_1_n_0 |                  | init_state_reg[59]_LDC_i_2_n_0 |                1 |              1 |         1.00 |
|  init_state_reg[55]_LDC_i_1_n_0 |                  | init_state_reg[55]_LDC_i_2_n_0 |                1 |              1 |         1.00 |
|  init_state_reg[57]_LDC_i_1_n_0 |                  | init_state_reg[57]_LDC_i_2_n_0 |                1 |              1 |         1.00 |
|  init_state_reg[48]_LDC_i_1_n_0 |                  | init_state_reg[48]_LDC_i_2_n_0 |                1 |              1 |         1.00 |
|  init_state_reg[49]_LDC_i_1_n_0 |                  | init_state_reg[49]_LDC_i_2_n_0 |                1 |              1 |         1.00 |
|  init_state_reg[50]_LDC_i_1_n_0 |                  | init_state_reg[50]_LDC_i_2_n_0 |                1 |              1 |         1.00 |
|  init_state_reg[51]_LDC_i_1_n_0 |                  | init_state_reg[51]_LDC_i_2_n_0 |                1 |              1 |         1.00 |
|  init_state_reg[52]_LDC_i_1_n_0 |                  | init_state_reg[52]_LDC_i_2_n_0 |                1 |              1 |         1.00 |
|  init_state_reg[53]_LDC_i_1_n_0 |                  | init_state_reg[53]_LDC_i_2_n_0 |                1 |              1 |         1.00 |
|  init_state_reg[54]_LDC_i_1_n_0 |                  | init_state_reg[54]_LDC_i_2_n_0 |                1 |              1 |         1.00 |
|  init_state_reg[56]_LDC_i_1_n_0 |                  | init_state_reg[56]_LDC_i_2_n_0 |                1 |              1 |         1.00 |
|  init_state_reg[4]_LDC_i_1_n_0  |                  | init_state_reg[4]_LDC_i_2_n_0  |                1 |              1 |         1.00 |
|  init_state_reg[58]_LDC_i_1_n_0 |                  | init_state_reg[58]_LDC_i_2_n_0 |                1 |              1 |         1.00 |
|  init_state_reg[62]_LDC_i_1_n_0 |                  | init_state_reg[62]_LDC_i_2_n_0 |                1 |              1 |         1.00 |
|  init_state_reg[9]_LDC_i_1_n_0  |                  | init_state_reg[9]_LDC_i_2_n_0  |                1 |              1 |         1.00 |
|  init_state_reg[7]_LDC_i_1_n_0  |                  | init_state_reg[7]_LDC_i_2_n_0  |                1 |              1 |         1.00 |
|  init_state_reg[61]_LDC_i_1_n_0 |                  | init_state_reg[61]_LDC_i_2_n_0 |                1 |              1 |         1.00 |
|  init_state_reg[63]_LDC_i_1_n_0 |                  | init_state_reg[63]_LDC_i_2_n_0 |                1 |              1 |         1.00 |
|  init_state_reg[60]_LDC_i_1_n_0 |                  | init_state_reg[60]_LDC_i_2_n_0 |                1 |              1 |         1.00 |
|  init_state_reg[6]_LDC_i_1_n_0  |                  | init_state_reg[6]_LDC_i_2_n_0  |                1 |              1 |         1.00 |
|  init_state_reg[5]_LDC_i_1_n_0  |                  | init_state_reg[5]_LDC_i_2_n_0  |                1 |              1 |         1.00 |
|  init_state_reg[8]_LDC_i_1_n_0  |                  | init_state_reg[8]_LDC_i_2_n_0  |                1 |              1 |         1.00 |
|  Clock_IBUF_BUFG                | count[4]_i_1_n_0 | count[4]_i_3_n_0               |                1 |              5 |         5.00 |
+---------------------------------+------------------+--------------------------------+------------------+----------------+--------------+


