Time resolution is 1 ps
Error: inputs = 0123456789abcdef
  outputs = ZZZZZZZZZZZZZZZZ (00ff0f0f33335555 exp)
Error: inputs = abcdefabcdefabcd
  outputs = ZZZZZZZZZZZZZZZZ (ffff3cf3cf3c5555 exp)
Error: inputs = ffffffffffffffff
  outputs = ZZZZZZZZZZZZZZZZ (ffffffffffffffff exp)
Error: inputs = 0000000000000000
  outputs = ZZZZZZZZZZZZZZZZ (0000000000000000 exp)
Error: inputs = 1212120000000000
  outputs = ZZZZZZZZZZZZZZZZ (000000005555aaaa exp)
Error: inputs = xxxxxxxxxxxxxxxx
  outputs = XXXXXXXXXXXXXXXX (xxxxxxxxxxxxxxxx exp)
Error: inputs = xxxxxxxxxxxxxxxx
  outputs = XXXXXXXXXXXXXXXX (xxxxxxxxxxxxxxxx exp)
Error: inputs = xxxxxxxxxxxxxxxx
  outputs = XXXXXXXXXXXXXXXX (xxxxxxxxxxxxxxxx exp)
Error: inputs = xxxxxxxxxxxxxxxx
  outputs = XXXXXXXXXXXXXXXX (xxxxxxxxxxxxxxxx exp)
Error: inputs = xxxxxxxxxxxxxxxx
  outputs = XXXXXXXXXXXXXXXX (xxxxxxxxxxxxxxxx exp)
Error: inputs = xxxxxxxxxxxxxxxx
  outputs = XXXXXXXXXXXXXXXX (xxxxxxxxxxxxxxxx exp)
Error: inputs = xxxxxxxxxxxxxxxx
  outputs = XXXXXXXXXXXXXXXX (xxxxxxxxxxxxxxxx exp)
Error: inputs = xxxxxxxxxxxxxxxx
  outputs = XXXXXXXXXXXXXXXX (xxxxxxxxxxxxxxxx exp)
Error: inputs = xxxxxxxxxxxxxxxx
  outputs = XXXXXXXXXXXXXXXX (xxxxxxxxxxxxxxxx exp)
Error: inputs = xxxxxxxxxxxxxxxx
  outputs = XXXXXXXXXXXXXXXX (xxxxxxxxxxxxxxxx exp)
Error: inputs = xxxxxxxxxxxxxxxx
  outputs = XXXXXXXXXXXXXXXX (xxxxxxxxxxxxxxxx exp)
Error: inputs = xxxxxxxxxxxxxxxx
  outputs = XXXXXXXXXXXXXXXX (xxxxxxxxxxxxxxxx exp)
Error: inputs = xxxxxxxxxxxxxxxx
  outputs = XXXXXXXXXXXXXXXX (xxxxxxxxxxxxxxxx exp)
Error: inputs = xxxxxxxxxxxxxxxx
  outputs = XXXXXXXXXXXXXXXX (xxxxxxxxxxxxxxxx exp)
Error: inputs = xxxxxxxxxxxxxxxx
  outputs = XXXXXXXXXXXXXXXX (xxxxxxxxxxxxxxxx exp)
Error: inputs = xxxxxxxxxxxxxxxx
  outputs = XXXXXXXXXXXXXXXX (xxxxxxxxxxxxxxxx exp)
Error: inputs = xxxxxxxxxxxxxxxx
  outputs = XXXXXXXXXXXXXXXX (xxxxxxxxxxxxxxxx exp)
Error: inputs = xxxxxxxxxxxxxxxx
  outputs = XXXXXXXXXXXXXXXX (xxxxxxxxxxxxxxxx exp)
Error: inputs = xxxxxxxxxxxxxxxx
  outputs = XXXXXXXXXXXXXXXX (xxxxxxxxxxxxxxxx exp)
Error: inputs = xxxxxxxxxxxxxxxx
  outputs = XXXXXXXXXXXXXXXX (xxxxxxxxxxxxxxxx exp)
Error: inputs = xxxxxxxxxxxxxxxx
  outputs = XXXXXXXXXXXXXXXX (xxxxxxxxxxxxxxxx exp)
Error: inputs = xxxxxxxxxxxxxxxx
  outputs = XXXXXXXXXXXXXXXX (xxxxxxxxxxxxxxxx exp)
Error: inputs = xxxxxxxxxxxxxxxx
  outputs = XXXXXXXXXXXXXXXX (xxxxxxxxxxxxxxxx exp)
Error: inputs = xxxxxxxxxxxxxxxx
  outputs = XXXXXXXXXXXXXXXX (xxxxxxxxxxxxxxxx exp)
Error: inputs = xxxxxxxxxxxxxxxx
  outputs = XXXXXXXXXXXXXXXX (xxxxxxxxxxxxxxxx exp)
Error: inputs = xxxxxxxxxxxxxxxx
  outputs = XXXXXXXXXXXXXXXX (xxxxxxxxxxxxxxxx exp)
Error: inputs = xxxxxxxxxxxxxxxx
  outputs = XXXXXXXXXXXXXXXX (xxxxxxxxxxxxxxxx exp)
Error: inputs = 0123456789abcdef
  outputs = ZZZZZZZZZZZZZZZZ (00ff0f0f33335555 exp)
Error: inputs = abcdefabcdefabcd
  outputs = ZZZZZZZZZZZZZZZZ (ffff3cf3cf3c5555 exp)
Error: inputs = ffffffffffffffff
  outputs = ZZZZZZZZZZZZZZZZ (ffffffffffffffff exp)
Error: inputs = 0000000000000000
  outputs = ZZZZZZZZZZZZZZZZ (0000000000000000 exp)
Error: inputs = 1212120000000000
  outputs = ZZZZZZZZZZZZZZZZ (000000005555aaaa exp)
Error: inputs = xxxxxxxxxxxxxxxx
  outputs = XXXXXXXXXXXXXXXX (xxxxxxxxxxxxxxxx exp)
Error: inputs = xxxxxxxxxxxxxxxx
  outputs = XXXXXXXXXXXXXXXX (xxxxxxxxxxxxxxxx exp)
Error: inputs = xxxxxxxxxxxxxxxx
  outputs = XXXXXXXXXXXXXXXX (xxxxxxxxxxxxxxxx exp)
Error: inputs = xxxxxxxxxxxxxxxx
  outputs = XXXXXXXXXXXXXXXX (xxxxxxxxxxxxxxxx exp)
Error: inputs = xxxxxxxxxxxxxxxx
  outputs = XXXXXXXXXXXXXXXX (xxxxxxxxxxxxxxxx exp)
Error: inputs = xxxxxxxxxxxxxxxx
  outputs = XXXXXXXXXXXXXXXX (xxxxxxxxxxxxxxxx exp)
Error: inputs = xxxxxxxxxxxxxxxx
  outputs = XXXXXXXXXXXXXXXX (xxxxxxxxxxxxxxxx exp)
Error: inputs = xxxxxxxxxxxxxxxx
  outputs = XXXXXXXXXXXXXXXX (xxxxxxxxxxxxxxxx exp)
Error: inputs = xxxxxxxxxxxxxxxx
  outputs = XXXXXXXXXXXXXXXX (xxxxxxxxxxxxxxxx exp)
Error: inputs = xxxxxxxxxxxxxxxx
  outputs = XXXXXXXXXXXXXXXX (xxxxxxxxxxxxxxxx exp)
Error: inputs = xxxxxxxxxxxxxxxx
  outputs = XXXXXXXXXXXXXXXX (xxxxxxxxxxxxxxxx exp)
Error: inputs = xxxxxxxxxxxxxxxx
  outputs = XXXXXXXXXXXXXXXX (xxxxxxxxxxxxxxxx exp)
Error: inputs = xxxxxxxxxxxxxxxx
  outputs = XXXXXXXXXXXXXXXX (xxxxxxxxxxxxxxxx exp)
Error: inputs = xxxxxxxxxxxxxxxx
  outputs = XXXXXXXXXXXXXXXX (xxxxxxxxxxxxxxxx exp)
Error: inputs = xxxxxxxxxxxxxxxx
  outputs = XXXXXXXXXXXXXXXX (xxxxxxxxxxxxxxxx exp)
Error: inputs = xxxxxxxxxxxxxxxx
  outputs = XXXXXXXXXXXXXXXX (xxxxxxxxxxxxxxxx exp)
Error: inputs = xxxxxxxxxxxxxxxx
  outputs = XXXXXXXXXXXXXXXX (xxxxxxxxxxxxxxxx exp)
Error: inputs = xxxxxxxxxxxxxxxx
  outputs = XXXXXXXXXXXXXXXX (xxxxxxxxxxxxxxxx exp)
Error: inputs = xxxxxxxxxxxxxxxx
  outputs = XXXXXXXXXXXXXXXX (xxxxxxxxxxxxxxxx exp)
Error: inputs = xxxxxxxxxxxxxxxx
  outputs = XXXXXXXXXXXXXXXX (xxxxxxxxxxxxxxxx exp)
Error: inputs = xxxxxxxxxxxxxxxx
  outputs = XXXXXXXXXXXXXXXX (xxxxxxxxxxxxxxxx exp)
Error: inputs = xxxxxxxxxxxxxxxx
  outputs = XXXXXXXXXXXXXXXX (xxxxxxxxxxxxxxxx exp)
Error: inputs = xxxxxxxxxxxxxxxx
  outputs = XXXXXXXXXXXXXXXX (xxxxxxxxxxxxxxxx exp)
Error: inputs = xxxxxxxxxxxxxxxx
  outputs = XXXXXXXXXXXXXXXX (xxxxxxxxxxxxxxxx exp)
Error: inputs = xxxxxxxxxxxxxxxx
  outputs = XXXXXXXXXXXXXXXX (xxxxxxxxxxxxxxxx exp)
Error: inputs = xxxxxxxxxxxxxxxx
  outputs = XXXXXXXXXXXXXXXX (xxxxxxxxxxxxxxxx exp)
Error: inputs = xxxxxxxxxxxxxxxx
  outputs = XXXXXXXXXXXXXXXX (xxxxxxxxxxxxxxxx exp)
Error: inputs = 0123456789abcdef
  outputs = ZZZZZZZZZZZZZZZZ (00ff0f0f33335555 exp)
Error: inputs = abcdefabcdefabcd
  outputs = ZZZZZZZZZZZZZZZZ (ffff3cf3cf3c5555 exp)
Error: inputs = ffffffffffffffff
  outputs = ZZZZZZZZZZZZZZZZ (ffffffffffffffff exp)
Error: inputs = 0000000000000000
  outputs = ZZZZZZZZZZZZZZZZ (0000000000000000 exp)
Error: inputs = 1212120000000000
  outputs = ZZZZZZZZZZZZZZZZ (000000005555aaaa exp)
Error: inputs = xxxxxxxxxxxxxxxx
  outputs = XXXXXXXXXXXXXXXX (xxxxxxxxxxxxxxxx exp)
Error: inputs = xxxxxxxxxxxxxxxx
  outputs = XXXXXXXXXXXXXXXX (xxxxxxxxxxxxxxxx exp)
Error: inputs = xxxxxxxxxxxxxxxx
  outputs = XXXXXXXXXXXXXXXX (xxxxxxxxxxxxxxxx exp)
Error: inputs = xxxxxxxxxxxxxxxx
  outputs = XXXXXXXXXXXXXXXX (xxxxxxxxxxxxxxxx exp)
Error: inputs = xxxxxxxxxxxxxxxx
  outputs = XXXXXXXXXXXXXXXX (xxxxxxxxxxxxxxxx exp)
Error: inputs = xxxxxxxxxxxxxxxx
  outputs = XXXXXXXXXXXXXXXX (xxxxxxxxxxxxxxxx exp)
Error: inputs = xxxxxxxxxxxxxxxx
  outputs = XXXXXXXXXXXXXXXX (xxxxxxxxxxxxxxxx exp)
Error: inputs = xxxxxxxxxxxxxxxx
  outputs = XXXXXXXXXXXXXXXX (xxxxxxxxxxxxxxxx exp)
Error: inputs = xxxxxxxxxxxxxxxx
  outputs = XXXXXXXXXXXXXXXX (xxxxxxxxxxxxxxxx exp)
Error: inputs = xxxxxxxxxxxxxxxx
  outputs = XXXXXXXXXXXXXXXX (xxxxxxxxxxxxxxxx exp)
Error: inputs = xxxxxxxxxxxxxxxx
  outputs = XXXXXXXXXXXXXXXX (xxxxxxxxxxxxxxxx exp)
Error: inputs = xxxxxxxxxxxxxxxx
  outputs = XXXXXXXXXXXXXXXX (xxxxxxxxxxxxxxxx exp)
Error: inputs = xxxxxxxxxxxxxxxx
  outputs = XXXXXXXXXXXXXXXX (xxxxxxxxxxxxxxxx exp)
Error: inputs = xxxxxxxxxxxxxxxx
  outputs = XXXXXXXXXXXXXXXX (xxxxxxxxxxxxxxxx exp)
Error: inputs = xxxxxxxxxxxxxxxx
  outputs = XXXXXXXXXXXXXXXX (xxxxxxxxxxxxxxxx exp)
Error: inputs = xxxxxxxxxxxxxxxx
  outputs = XXXXXXXXXXXXXXXX (xxxxxxxxxxxxxxxx exp)
Error: inputs = xxxxxxxxxxxxxxxx
  outputs = XXXXXXXXXXXXXXXX (xxxxxxxxxxxxxxxx exp)
Error: inputs = xxxxxxxxxxxxxxxx
  outputs = XXXXXXXXXXXXXXXX (xxxxxxxxxxxxxxxx exp)
Error: inputs = xxxxxxxxxxxxxxxx
  outputs = XXXXXXXXXXXXXXXX (xxxxxxxxxxxxxxxx exp)
Error: inputs = xxxxxxxxxxxxxxxx
  outputs = XXXXXXXXXXXXXXXX (xxxxxxxxxxxxxxxx exp)
Error: inputs = xxxxxxxxxxxxxxxx
  outputs = XXXXXXXXXXXXXXXX (xxxxxxxxxxxxxxxx exp)
Error: inputs = xxxxxxxxxxxxxxxx
  outputs = XXXXXXXXXXXXXXXX (xxxxxxxxxxxxxxxx exp)
Error: inputs = xxxxxxxxxxxxxxxx
  outputs = XXXXXXXXXXXXXXXX (xxxxxxxxxxxxxxxx exp)
Error: inputs = xxxxxxxxxxxxxxxx
  outputs = XXXXXXXXXXXXXXXX (xxxxxxxxxxxxxxxx exp)
Error: inputs = xxxxxxxxxxxxxxxx
  outputs = XXXXXXXXXXXXXXXX (xxxxxxxxxxxxxxxx exp)
Error: inputs = xxxxxxxxxxxxxxxx
  outputs = XXXXXXXXXXXXXXXX (xxxxxxxxxxxxxxxx exp)
Error: inputs = xxxxxxxxxxxxxxxx
  outputs = XXXXXXXXXXXXXXXX (xxxxxxxxxxxxxxxx exp)
Error: inputs = 0123456789abcdef
  outputs = ZZZZZZZZZZZZZZZZ (00ff0f0f33335555 exp)
