
*** Running vivado
    with args -log Encrypt.vds -m64 -product Vivado -mode batch -messageDb vivado.pb -notrace -source Encrypt.tcl



****** Vivado v2021.1 (64-bit)
  **** SW Build 3247384 on Thu Jun 10 19:36:33 MDT 2021
  **** IP Build 3246043 on Fri Jun 11 00:30:35 MDT 2021
    ** Copyright 1986-2021 Xilinx, Inc. All Rights Reserved.

source Encrypt.tcl -notrace
create_project: Time (s): cpu = 00:00:03 ; elapsed = 00:00:07 . Memory (MB): peak = 1134.852 ; gain = 0.000
Command: synth_design -top Encrypt -part xc7k70tfbv676-1
Starting synth_design
Attempting to get a license for feature 'Synthesis' and/or device 'xc7k70t'
INFO: [Common 17-349] Got license for feature 'Synthesis' and/or device 'xc7k70t'
INFO: [Synth 8-7079] Multithreading enabled for synth_design using a maximum of 2 processes.
INFO: [Synth 8-7078] Launching helper process for spawning children vivado processes
INFO: [Synth 8-7075] Helper process launched with PID 20280
---------------------------------------------------------------------------------
Starting Synthesize : Time (s): cpu = 00:00:05 ; elapsed = 00:00:06 . Memory (MB): peak = 1134.852 ; gain = 0.000
---------------------------------------------------------------------------------
INFO: [Synth 8-6157] synthesizing module 'Encrypt' [C:/Users/JBird/Documents/teamcrypto-security/design/Encrypt.sv:3]
INFO: [Synth 8-6157] synthesizing module 'KSA' [C:/Users/JBird/Documents/teamcrypto-security/design/KSA.sv:1]
INFO: [Synth 8-6157] synthesizing module 'SBox' [C:/Users/JBird/Documents/teamcrypto-security/design/SBox.sv:3]
INFO: [Synth 8-6155] done synthesizing module 'SBox' (1#1) [C:/Users/JBird/Documents/teamcrypto-security/design/SBox.sv:3]
WARNING: [Synth 8-689] width (5) of port connection 'substituted' does not match port width (4) of module 'SBox' [C:/Users/JBird/Documents/teamcrypto-security/design/KSA.sv:12]
INFO: [Synth 8-6155] done synthesizing module 'KSA' (2#1) [C:/Users/JBird/Documents/teamcrypto-security/design/KSA.sv:1]
INFO: [Synth 8-6157] synthesizing module 'AddRK' [C:/Users/JBird/Documents/teamcrypto-security/design/AddRK.sv:3]
INFO: [Synth 8-6155] done synthesizing module 'AddRK' (3#1) [C:/Users/JBird/Documents/teamcrypto-security/design/AddRK.sv:3]
WARNING: [Synth 8-689] width (64) of port connection 'y' does not match port width (80) of module 'AddRK' [C:/Users/JBird/Documents/teamcrypto-security/design/Encrypt.sv:50]
INFO: [Synth 8-6157] synthesizing module 'SubsLayer' [C:/Users/JBird/Documents/teamcrypto-security/design/SubsLayer.sv:3]
INFO: [Synth 8-6155] done synthesizing module 'SubsLayer' (4#1) [C:/Users/JBird/Documents/teamcrypto-security/design/SubsLayer.sv:3]
INFO: [Synth 8-6157] synthesizing module 'PLayer' [C:/Users/JBird/Documents/teamcrypto-security/design/PLayer.sv:2]
INFO: [Synth 8-6155] done synthesizing module 'PLayer' (5#1) [C:/Users/JBird/Documents/teamcrypto-security/design/PLayer.sv:2]
INFO: [Synth 8-6155] done synthesizing module 'Encrypt' (6#1) [C:/Users/JBird/Documents/teamcrypto-security/design/Encrypt.sv:3]
---------------------------------------------------------------------------------
Finished Synthesize : Time (s): cpu = 00:00:07 ; elapsed = 00:00:08 . Memory (MB): peak = 1134.852 ; gain = 0.000
---------------------------------------------------------------------------------
---------------------------------------------------------------------------------
Finished Constraint Validation : Time (s): cpu = 00:00:08 ; elapsed = 00:00:09 . Memory (MB): peak = 1134.852 ; gain = 0.000
---------------------------------------------------------------------------------
---------------------------------------------------------------------------------
Start Loading Part and Timing Information
---------------------------------------------------------------------------------
Loading part: xc7k70tfbv676-1
---------------------------------------------------------------------------------
INFO: [Device 21-403] Loading part xc7k70tfbv676-1
Finished Loading Part and Timing Information : Time (s): cpu = 00:00:08 ; elapsed = 00:00:09 . Memory (MB): peak = 1134.852 ; gain = 0.000
---------------------------------------------------------------------------------
WARNING: [Synth 8-327] inferring latch for variable 'new_key_reg' [C:/Users/JBird/Documents/teamcrypto-security/design/KSA.sv:17]
---------------------------------------------------------------------------------
Finished RTL Optimization Phase 2 : Time (s): cpu = 00:00:08 ; elapsed = 00:00:09 . Memory (MB): peak = 1134.852 ; gain = 0.000
---------------------------------------------------------------------------------
No constraint files found.
---------------------------------------------------------------------------------
Start RTL Component Statistics 
---------------------------------------------------------------------------------
Detailed RTL Component Info : 
+---Adders : 
	   2 Input    5 Bit       Adders := 2     
+---XORs : 
	   2 Input     80 Bit         XORs := 1     
	   2 Input      5 Bit         XORs := 1     
+---Registers : 
	               64 Bit    Registers := 1     
	                5 Bit    Registers := 1     
+---Muxes : 
	   2 Input   80 Bit        Muxes := 2     
	   2 Input   64 Bit        Muxes := 3     
	   2 Input    5 Bit        Muxes := 1     
	   2 Input    1 Bit        Muxes := 2     
---------------------------------------------------------------------------------
Finished RTL Component Statistics 
---------------------------------------------------------------------------------
---------------------------------------------------------------------------------
Start Part Resource Summary
---------------------------------------------------------------------------------
Part Resources:
DSPs: 240 (col length:80)
BRAMs: 270 (col length: RAMB18 80 RAMB36 40)
---------------------------------------------------------------------------------
Finished Part Resource Summary
---------------------------------------------------------------------------------
No constraint files found.
---------------------------------------------------------------------------------
Start Cross Boundary and Area Optimization
---------------------------------------------------------------------------------
---------------------------------------------------------------------------------
Finished Cross Boundary and Area Optimization : Time (s): cpu = 00:00:17 ; elapsed = 00:00:38 . Memory (MB): peak = 1134.852 ; gain = 0.000
---------------------------------------------------------------------------------
No constraint files found.
---------------------------------------------------------------------------------
Start Timing Optimization
---------------------------------------------------------------------------------
---------------------------------------------------------------------------------
Finished Timing Optimization : Time (s): cpu = 00:00:17 ; elapsed = 00:00:39 . Memory (MB): peak = 1134.852 ; gain = 0.000
---------------------------------------------------------------------------------
---------------------------------------------------------------------------------
Start Technology Mapping
---------------------------------------------------------------------------------
---------------------------------------------------------------------------------
Finished Technology Mapping : Time (s): cpu = 00:00:18 ; elapsed = 00:00:39 . Memory (MB): peak = 1134.852 ; gain = 0.000
---------------------------------------------------------------------------------
---------------------------------------------------------------------------------
Start IO Insertion
---------------------------------------------------------------------------------
---------------------------------------------------------------------------------
Start Flattening Before IO Insertion
---------------------------------------------------------------------------------
---------------------------------------------------------------------------------
Finished Flattening Before IO Insertion
---------------------------------------------------------------------------------
---------------------------------------------------------------------------------
Start Final Netlist Cleanup
---------------------------------------------------------------------------------
---------------------------------------------------------------------------------
Finished Final Netlist Cleanup
---------------------------------------------------------------------------------
---------------------------------------------------------------------------------
Finished IO Insertion : Time (s): cpu = 00:00:22 ; elapsed = 00:00:43 . Memory (MB): peak = 1134.852 ; gain = 0.000
---------------------------------------------------------------------------------
---------------------------------------------------------------------------------
Start Renaming Generated Instances
---------------------------------------------------------------------------------
---------------------------------------------------------------------------------
Finished Renaming Generated Instances : Time (s): cpu = 00:00:22 ; elapsed = 00:00:43 . Memory (MB): peak = 1134.852 ; gain = 0.000
---------------------------------------------------------------------------------
---------------------------------------------------------------------------------
Start Rebuilding User Hierarchy
---------------------------------------------------------------------------------
---------------------------------------------------------------------------------
Finished Rebuilding User Hierarchy : Time (s): cpu = 00:00:22 ; elapsed = 00:00:43 . Memory (MB): peak = 1134.852 ; gain = 0.000
---------------------------------------------------------------------------------
---------------------------------------------------------------------------------
Start Renaming Generated Ports
---------------------------------------------------------------------------------
---------------------------------------------------------------------------------
Finished Renaming Generated Ports : Time (s): cpu = 00:00:22 ; elapsed = 00:00:43 . Memory (MB): peak = 1134.852 ; gain = 0.000
---------------------------------------------------------------------------------
---------------------------------------------------------------------------------
Start Handling Custom Attributes
---------------------------------------------------------------------------------
---------------------------------------------------------------------------------
Finished Handling Custom Attributes : Time (s): cpu = 00:00:22 ; elapsed = 00:00:43 . Memory (MB): peak = 1134.852 ; gain = 0.000
---------------------------------------------------------------------------------
---------------------------------------------------------------------------------
Start Renaming Generated Nets
---------------------------------------------------------------------------------
---------------------------------------------------------------------------------
Finished Renaming Generated Nets : Time (s): cpu = 00:00:22 ; elapsed = 00:00:43 . Memory (MB): peak = 1134.852 ; gain = 0.000
---------------------------------------------------------------------------------
---------------------------------------------------------------------------------
Start Writing Synthesis Report
---------------------------------------------------------------------------------

Report BlackBoxes: 
+-+--------------+----------+
| |BlackBox name |Instances |
+-+--------------+----------+
+-+--------------+----------+

Report Cell Usage: 
+------+-----+------+
|      |Cell |Count |
+------+-----+------+
|1     |BUFG |     1|
|2     |LUT1 |     1|
|3     |LUT2 |   130|
|4     |LUT3 |    66|
|5     |LUT4 |     2|
|6     |LUT5 |     2|
|7     |LUT6 |   129|
|8     |FDCE |    69|
|9     |FDPE |    64|
|10    |LDC  |    64|
|11    |IBUF |    67|
|12    |OBUF |    65|
+------+-----+------+

Report Instance Areas: 
+------+---------+-------+------+
|      |Instance |Module |Cells |
+------+---------+-------+------+
|1     |top      |       |   660|
+------+---------+-------+------+
---------------------------------------------------------------------------------
Finished Writing Synthesis Report : Time (s): cpu = 00:00:22 ; elapsed = 00:00:43 . Memory (MB): peak = 1134.852 ; gain = 0.000
---------------------------------------------------------------------------------
Synthesis finished with 0 errors, 0 critical warnings and 3 warnings.
Synthesis Optimization Runtime : Time (s): cpu = 00:00:22 ; elapsed = 00:00:43 . Memory (MB): peak = 1134.852 ; gain = 0.000
Synthesis Optimization Complete : Time (s): cpu = 00:00:22 ; elapsed = 00:00:43 . Memory (MB): peak = 1134.852 ; gain = 0.000
INFO: [Project 1-571] Translating synthesized netlist
Netlist sorting complete. Time (s): cpu = 00:00:00 ; elapsed = 00:00:00.014 . Memory (MB): peak = 1134.852 ; gain = 0.000
INFO: [Netlist 29-17] Analyzing 64 Unisim elements for replacement
INFO: [Netlist 29-28] Unisim Transformation completed in 0 CPU seconds
INFO: [Project 1-570] Preparing netlist for logic optimization
INFO: [Opt 31-138] Pushed 0 inverter(s) to 0 load pin(s).
Netlist sorting complete. Time (s): cpu = 00:00:00 ; elapsed = 00:00:00 . Memory (MB): peak = 1134.852 ; gain = 0.000
INFO: [Project 1-111] Unisim Transformation Summary:
  A total of 64 instances were transformed.
  LDC => LDCE: 64 instances

Synth Design complete, checksum: 7b58c383
INFO: [Common 17-83] Releasing license: Synthesis
24 Infos, 3 Warnings, 0 Critical Warnings and 0 Errors encountered.
synth_design completed successfully
synth_design: Time (s): cpu = 00:00:25 ; elapsed = 00:00:47 . Memory (MB): peak = 1134.852 ; gain = 0.000
INFO: [Common 17-1381] The checkpoint 'C:/Users/JBird/Documents/teamcrypto-security/present/present.runs/synth_1/Encrypt.dcp' has been generated.
INFO: [runtcl-4] Executing : report_utilization -file Encrypt_utilization_synth.rpt -pb Encrypt_utilization_synth.pb
INFO: [Common 17-206] Exiting Vivado at Sat Oct 16 12:12:04 2021...
