Time resolution is 1 ps
WARNING: Data truncated while reading Datafile: cases-ksa80.mem, while loading at index: 1
WARNING: Data truncated while reading Datafile: cases-ksa80.mem, while loading at index: 2
WARNING: Data truncated while reading Datafile: cases-ksa80.mem, while loading at index: 3
WARNING: Data truncated while reading Datafile: cases-ksa80.mem, while loading at index: 4
WARNING: Data truncated while reading Datafile: cases-ksa80.mem, while loading at index: 5
Error: inputs = xxxxxxxxxxxxxxxxxxxx, round =  0
  outputs = xxxxxxxxxxxxxxxx (ec71df3501eee151 exp)
Error: inputs = 0000ec71df3501eee151, round =  0
  outputs = xxxxxxxxxxxxxxxx (ec71df3501eee151 exp)
Error: inputs = 0000ec71df3501eee151, round =  0
  outputs = xxxxxxxxxxxxxxxx (ec71df3501eee151 exp)
Error: inputs = 0000ec71df3501eee151, round =  0
  outputs = xxxxxxxxxxxxxxxx (ec71df3501eee151 exp)
Error: inputs = 0000ec71df3501eee151, round =  0
  outputs = xxxxxxxxxxxxxxxx (ec71df3501eee151 exp)
Error: inputs = 0000ec71df3501eee151, round =  0
  outputs = xxxxxxxxxxxxxxxx (ec71df3501eee151 exp)
Error: inputs = 0000ec71df3501eee151, round =  0
  outputs = xxxxxxxxxxxxxxxx (ec71df3501eee151 exp)
Error: inputs = 0000ec71df3501eee151, round =  0
  outputs = xxxxxxxxxxxxxxxx (ec71df3501eee151 exp)
Error: inputs = 0000ec71df3501eee151, round =  0
  outputs = xxxxxxxxxxxxxxxx (ec71df3501eee151 exp)
Error: inputs = 0000ec71df3501eee151, round =  0
  outputs = xxxxxxxxxxxxxxxx (ec71df3501eee151 exp)
Error: inputs = 0000ec71df3501eee151, round =  0
  outputs = xxxxxxxxxxxxxxxx (ec71df3501eee151 exp)
Error: inputs = 0000ec71df3501eee151, round =  0
  outputs = xxxxxxxxxxxxxxxx (ec71df3501eee151 exp)
Error: inputs = 0000ec71df3501eee151, round =  0
  outputs = xxxxxxxxxxxxxxxx (ec71df3501eee151 exp)
Error: inputs = 0000ec71df3501eee151, round =  0
  outputs = xxxxxxxxxxxxxxxx (ec71df3501eee151 exp)
Error: inputs = 0000ec71df3501eee151, round =  0
  outputs = xxxxxxxxxxxxxxxx (ec71df3501eee151 exp)
Error: inputs = 0000ec71df3501eee151, round =  0
  outputs = xxxxxxxxxxxxxxxx (ec71df3501eee151 exp)
Error: inputs = 0000ec71df3501eee151, round =  0
  outputs = xxxxxxxxxxxxxxxx (ec71df3501eee151 exp)
Error: inputs = 0000ec71df3501eee151, round =  0
  outputs = xxxxxxxxxxxxxxxx (ec71df3501eee151 exp)
Error: inputs = 0000ec71df3501eee151, round =  0
  outputs = xxxxxxxxxxxxxxxx (ec71df3501eee151 exp)
Error: inputs = 0000ec71df3501eee151, round =  0
  outputs = xxxxxxxxxxxxxxxx (ec71df3501eee151 exp)
Error: inputs = 0000ec71df3501eee151, round =  0
  outputs = xxxxxxxxxxxxxxxx (ec71df3501eee151 exp)
Error: inputs = 0000ec71df3501eee151, round =  0
  outputs = xxxxxxxxxxxxxxxx (ec71df3501eee151 exp)
Error: inputs = 0000ec71df3501eee151, round =  0
  outputs = xxxxxxxxxxxxxxxx (ec71df3501eee151 exp)
Error: inputs = 0000ec71df3501eee151, round =  0
  outputs = xxxxxxxxxxxxxxxx (ec71df3501eee151 exp)
Error: inputs = 0000ec71df3501eee151, round =  0
  outputs = xxxxxxxxxxxxxxxx (ec71df3501eee151 exp)
Error: inputs = 0000ec71df3501eee151, round =  0
  outputs = xxxxxxxxxxxxxxxx (ec71df3501eee151 exp)
Error: inputs = 0000ec71df3501eee151, round =  0
  outputs = xxxxxxxxxxxxxxxx (ec71df3501eee151 exp)
Error: inputs = 0000ec71df3501eee151, round =  0
  outputs = xxxxxxxxxxxxxxxx (ec71df3501eee151 exp)
Error: inputs = 0000ec71df3501eee151, round =  0
  outputs = xxxxxxxxxxxxxxxx (ec71df3501eee151 exp)
Error: inputs = 0000ec71df3501eee151, round =  0
  outputs = xxxxxxxxxxxxxxxx (ec71df3501eee151 exp)
Error: inputs = 0000ec71df3501eee151, round =  0
  outputs = xxxxxxxxxxxxxxxx (ec71df3501eee151 exp)
Error: inputs = 0000ec71df3501eee151, round =  0
  outputs = xxxxxxxxxxxxxxxx (ec71df3501eee151 exp)
Error: inputs = 0000ec71df3501eee151, round =  0
  outputs = xxxxxxxxxxxxxxxx (ec71df3501eee151 exp)
Error: inputs = 0000ec71df3501eee151, round =  0
  outputs = xxxxxxxxxxxxxxxx (ec71df3501eee151 exp)
Error: inputs = 0000ec71df3501eee151, round =  0
  outputs = xxxxxxxxxxxxxxxx (ec71df3501eee151 exp)
Error: inputs = 0000ec71df3501eee151, round =  0
  outputs = xxxxxxxxxxxxxxxx (ec71df3501eee151 exp)
Error: inputs = 0000ec71df3501eee151, round =  0
  outputs = xxxxxxxxxxxxxxxx (ec71df3501eee151 exp)
Error: inputs = 0000ec71df3501eee151, round =  0
  outputs = xxxxxxxxxxxxxxxx (ec71df3501eee151 exp)
Error: inputs = 0000ec71df3501eee151, round =  0
  outputs = xxxxxxxxxxxxxxxx (ec71df3501eee151 exp)
Error: inputs = 0000ec71df3501eee151, round =  0
  outputs = xxxxxxxxxxxxxxxx (ec71df3501eee151 exp)
Error: inputs = 0000ec71df3501eee151, round =  0
  outputs = xxxxxxxxxxxxxxxx (ec71df3501eee151 exp)
Error: inputs = 0000ec71df3501eee151, round =  0
  outputs = xxxxxxxxxxxxxxxx (ec71df3501eee151 exp)
Error: inputs = 0000ec71df3501eee151, round =  0
  outputs = xxxxxxxxxxxxxxxx (ec71df3501eee151 exp)
Error: inputs = 0000ec71df3501eee151, round =  0
  outputs = xxxxxxxxxxxxxxxx (ec71df3501eee151 exp)
Error: inputs = 0000ec71df3501eee151, round =  0
  outputs = xxxxxxxxxxxxxxxx (ec71df3501eee151 exp)
Error: inputs = 0000ec71df3501eee151, round =  0
  outputs = xxxxxxxxxxxxxxxx (ec71df3501eee151 exp)
Error: inputs = 0000ec71df3501eee151, round =  0
  outputs = xxxxxxxxxxxxxxxx (ec71df3501eee151 exp)
Error: inputs = 0000ec71df3501eee151, round =  0
  outputs = xxxxxxxxxxxxxxxx (ec71df3501eee151 exp)
Error: inputs = 0000ec71df3501eee151, round =  0
  outputs = xxxxxxxxxxxxxxxx (ec71df3501eee151 exp)
Error: inputs = 0000ec71df3501eee151, round =  0
  outputs = xxxxxxxxxxxxxxxx (ec71df3501eee151 exp)
Error: inputs = 0000ec71df3501eee151, round =  0
  outputs = xxxxxxxxxxxxxxxx (ec71df3501eee151 exp)
Error: inputs = 0000ec71df3501eee151, round =  0
  outputs = xxxxxxxxxxxxxxxx (ec71df3501eee151 exp)
Error: inputs = 0000ec71df3501eee151, round =  0
  outputs = xxxxxxxxxxxxxxxx (ec71df3501eee151 exp)
Error: inputs = 0000ec71df3501eee151, round =  0
  outputs = xxxxxxxxxxxxxxxx (ec71df3501eee151 exp)
Error: inputs = 0000ec71df3501eee151, round =  0
  outputs = xxxxxxxxxxxxxxxx (ec71df3501eee151 exp)
Error: inputs = 0000ec71df3501eee151, round =  0
  outputs = xxxxxxxxxxxxxxxx (ec71df3501eee151 exp)
Error: inputs = 0000ec71df3501eee151, round =  0
  outputs = xxxxxxxxxxxxxxxx (ec71df3501eee151 exp)
Error: inputs = 0000ec71df3501eee151, round =  0
  outputs = xxxxxxxxxxxxxxxx (ec71df3501eee151 exp)
Error: inputs = 0000ec71df3501eee151, round =  0
  outputs = xxxxxxxxxxxxxxxx (ec71df3501eee151 exp)
Error: inputs = 0000ec71df3501eee151, round =  0
  outputs = xxxxxxxxxxxxxxxx (ec71df3501eee151 exp)
Error: inputs = 0000ec71df3501eee151, round =  0
  outputs = xxxxxxxxxxxxxxxx (ec71df3501eee151 exp)
Error: inputs = 0000ec71df3501eee151, round =  0
  outputs = xxxxxxxxxxxxxxxx (ec71df3501eee151 exp)
Error: inputs = 0000ec71df3501eee151, round =  0
  outputs = xxxxxxxxxxxxxxxx (ec71df3501eee151 exp)
Error: inputs = 0000ec71df3501eee151, round =  0
  outputs = xxxxxxxxxxxxxxxx (ec71df3501eee151 exp)
Error: inputs = 0000ec71df3501eee151, round =  0
  outputs = xxxxxxxxxxxxxxxx (ec71df3501eee151 exp)
Error: inputs = 0000ec71df3501eee151, round =  0
  outputs = xxxxxxxxxxxxxxxx (ec71df3501eee151 exp)
Error: inputs = 0000ec71df3501eee151, round =  0
  outputs = xxxxxxxxxxxxxxxx (ec71df3501eee151 exp)
Error: inputs = 0000ec71df3501eee151, round =  0
  outputs = xxxxxxxxxxxxxxxx (ec71df3501eee151 exp)
Error: inputs = 0000ec71df3501eee151, round =  0
  outputs = xxxxxxxxxxxxxxxx (ec71df3501eee151 exp)
Error: inputs = 0000ec71df3501eee151, round =  0
  outputs = xxxxxxxxxxxxxxxx (ec71df3501eee151 exp)
Error: inputs = 0000ec71df3501eee151, round =  0
  outputs = xxxxxxxxxxxxxxxx (ec71df3501eee151 exp)
Error: inputs = 0000ec71df3501eee151, round =  0
  outputs = xxxxxxxxxxxxxxxx (ec71df3501eee151 exp)
Error: inputs = 0000ec71df3501eee151, round =  0
  outputs = xxxxxxxxxxxxxxxx (ec71df3501eee151 exp)
Error: inputs = 0000ec71df3501eee151, round =  0
  outputs = xxxxxxxxxxxxxxxx (ec71df3501eee151 exp)
Error: inputs = 0000ec71df3501eee151, round =  0
  outputs = xxxxxxxxxxxxxxxx (ec71df3501eee151 exp)
Error: inputs = 0000ec71df3501eee151, round =  0
  outputs = xxxxxxxxxxxxxxxx (ec71df3501eee151 exp)
Error: inputs = 0000ec71df3501eee151, round =  0
  outputs = xxxxxxxxxxxxxxxx (ec71df3501eee151 exp)
Error: inputs = 0000ec71df3501eee151, round =  0
  outputs = xxxxxxxxxxxxxxxx (ec71df3501eee151 exp)
Error: inputs = 0000ec71df3501eee151, round =  0
  outputs = xxxxxxxxxxxxxxxx (ec71df3501eee151 exp)
Error: inputs = 0000ec71df3501eee151, round =  0
  outputs = xxxxxxxxxxxxxxxx (ec71df3501eee151 exp)
Error: inputs = 0000ec71df3501eee151, round =  0
  outputs = xxxxxxxxxxxxxxxx (ec71df3501eee151 exp)
Error: inputs = 0000ec71df3501eee151, round =  0
  outputs = xxxxxxxxxxxxxxxx (ec71df3501eee151 exp)
Error: inputs = 0000ec71df3501eee151, round =  0
  outputs = xxxxxxxxxxxxxxxx (ec71df3501eee151 exp)
Error: inputs = 0000ec71df3501eee151, round =  0
  outputs = xxxxxxxxxxxxxxxx (ec71df3501eee151 exp)
Error: inputs = 0000ec71df3501eee151, round =  0
  outputs = xxxxxxxxxxxxxxxx (ec71df3501eee151 exp)
Error: inputs = 0000ec71df3501eee151, round =  0
  outputs = xxxxxxxxxxxxxxxx (ec71df3501eee151 exp)
Error: inputs = 0000ec71df3501eee151, round =  0
  outputs = xxxxxxxxxxxxxxxx (ec71df3501eee151 exp)
Error: inputs = 0000ec71df3501eee151, round =  0
  outputs = xxxxxxxxxxxxxxxx (ec71df3501eee151 exp)
Error: inputs = 0000ec71df3501eee151, round =  0
  outputs = xxxxxxxxxxxxxxxx (ec71df3501eee151 exp)
Error: inputs = 0000ec71df3501eee151, round =  0
  outputs = xxxxxxxxxxxxxxxx (ec71df3501eee151 exp)
Error: inputs = 0000ec71df3501eee151, round =  0
  outputs = xxxxxxxxxxxxxxxx (ec71df3501eee151 exp)
Error: inputs = 0000ec71df3501eee151, round =  0
  outputs = xxxxxxxxxxxxxxxx (ec71df3501eee151 exp)
Error: inputs = 0000ec71df3501eee151, round =  0
  outputs = xxxxxxxxxxxxxxxx (ec71df3501eee151 exp)
Error: inputs = 0000ec71df3501eee151, round =  0
  outputs = xxxxxxxxxxxxxxxx (ec71df3501eee151 exp)
Error: inputs = 0000ec71df3501eee151, round =  0
  outputs = xxxxxxxxxxxxxxxx (ec71df3501eee151 exp)
Error: inputs = 0000ec71df3501eee151, round =  0
  outputs = xxxxxxxxxxxxxxxx (ec71df3501eee151 exp)
Error: inputs = 0000ec71df3501eee151, round =  0
  outputs = xxxxxxxxxxxxxxxx (ec71df3501eee151 exp)
