
*** Running vivado
    with args -log SubsLayerDecryption.vds -m64 -product Vivado -mode batch -messageDb vivado.pb -notrace -source SubsLayerDecryption.tcl



****** Vivado v2021.1 (64-bit)
  **** SW Build 3247384 on Thu Jun 10 19:36:33 MDT 2021
  **** IP Build 3246043 on Fri Jun 11 00:30:35 MDT 2021
    ** Copyright 1986-2021 Xilinx, Inc. All Rights Reserved.

source SubsLayerDecryption.tcl -notrace
Command: synth_design -top SubsLayerDecryption -part xc7k70tfbv676-1
Starting synth_design
Attempting to get a license for feature 'Synthesis' and/or device 'xc7k70t'
INFO: [Common 17-349] Got license for feature 'Synthesis' and/or device 'xc7k70t'
INFO: [Synth 8-7079] Multithreading enabled for synth_design using a maximum of 2 processes.
INFO: [Synth 8-7078] Launching helper process for spawning children vivado processes
INFO: [Synth 8-7075] Helper process launched with PID 11900
ERROR: [Synth 8-2715] syntax error near = [C:/Users/Muhammad/Documents/TeamCryptoXilinx/teamcrypto-security/presentSim/presentSim.srcs/sources_1/imports/scripts/SBoxDecrypt.sv:20]
ERROR: [Synth 8-2715] syntax error near = [C:/Users/Muhammad/Documents/TeamCryptoXilinx/teamcrypto-security/presentSim/presentSim.srcs/sources_1/imports/scripts/SBoxDecrypt.sv:21]
ERROR: [Synth 8-2715] syntax error near = [C:/Users/Muhammad/Documents/TeamCryptoXilinx/teamcrypto-security/presentSim/presentSim.srcs/sources_1/imports/scripts/SBoxDecrypt.sv:22]
ERROR: [Synth 8-2715] syntax error near = [C:/Users/Muhammad/Documents/TeamCryptoXilinx/teamcrypto-security/presentSim/presentSim.srcs/sources_1/imports/scripts/SBoxDecrypt.sv:23]
ERROR: [Synth 8-2715] syntax error near = [C:/Users/Muhammad/Documents/TeamCryptoXilinx/teamcrypto-security/presentSim/presentSim.srcs/sources_1/imports/scripts/SBoxDecrypt.sv:24]
ERROR: [Synth 8-2715] syntax error near = [C:/Users/Muhammad/Documents/TeamCryptoXilinx/teamcrypto-security/presentSim/presentSim.srcs/sources_1/imports/scripts/SBoxDecrypt.sv:25]
ERROR: [Synth 8-2715] syntax error near = [C:/Users/Muhammad/Documents/TeamCryptoXilinx/teamcrypto-security/presentSim/presentSim.srcs/sources_1/imports/scripts/SBoxDecrypt.sv:26]
ERROR: [Synth 8-2715] syntax error near = [C:/Users/Muhammad/Documents/TeamCryptoXilinx/teamcrypto-security/presentSim/presentSim.srcs/sources_1/imports/scripts/SBoxDecrypt.sv:27]
ERROR: [Synth 8-2715] syntax error near = [C:/Users/Muhammad/Documents/TeamCryptoXilinx/teamcrypto-security/presentSim/presentSim.srcs/sources_1/imports/scripts/SBoxDecrypt.sv:28]
ERROR: [Synth 8-2715] syntax error near = [C:/Users/Muhammad/Documents/TeamCryptoXilinx/teamcrypto-security/presentSim/presentSim.srcs/sources_1/imports/scripts/SBoxDecrypt.sv:29]
ERROR: [Synth 8-2715] syntax error near = [C:/Users/Muhammad/Documents/TeamCryptoXilinx/teamcrypto-security/presentSim/presentSim.srcs/sources_1/imports/scripts/SBoxDecrypt.sv:30]
ERROR: [Synth 8-2715] syntax error near = [C:/Users/Muhammad/Documents/TeamCryptoXilinx/teamcrypto-security/presentSim/presentSim.srcs/sources_1/imports/scripts/SBoxDecrypt.sv:31]
ERROR: [Synth 8-2715] syntax error near = [C:/Users/Muhammad/Documents/TeamCryptoXilinx/teamcrypto-security/presentSim/presentSim.srcs/sources_1/imports/scripts/SBoxDecrypt.sv:32]
ERROR: [Synth 8-2715] syntax error near = [C:/Users/Muhammad/Documents/TeamCryptoXilinx/teamcrypto-security/presentSim/presentSim.srcs/sources_1/imports/scripts/SBoxDecrypt.sv:33]
ERROR: [Synth 8-2715] syntax error near = [C:/Users/Muhammad/Documents/TeamCryptoXilinx/teamcrypto-security/presentSim/presentSim.srcs/sources_1/imports/scripts/SBoxDecrypt.sv:34]
ERROR: [Synth 8-2715] syntax error near = [C:/Users/Muhammad/Documents/TeamCryptoXilinx/teamcrypto-security/presentSim/presentSim.srcs/sources_1/imports/scripts/SBoxDecrypt.sv:35]
ERROR: [Synth 8-1031] ARRSIZE is not declared [C:/Users/Muhammad/Documents/TeamCryptoXilinx/teamcrypto-security/presentSim/presentSim.srcs/sources_1/imports/scripts/SBoxDecrypt.sv:14]
ERROR: [Synth 8-6775] single value range is not allowed in packed dimension [C:/Users/Muhammad/Documents/TeamCryptoXilinx/teamcrypto-security/presentSim/presentSim.srcs/sources_1/imports/scripts/SBoxDecrypt.sv:20]
ERROR: [Synth 8-6775] single value range is not allowed in packed dimension [C:/Users/Muhammad/Documents/TeamCryptoXilinx/teamcrypto-security/presentSim/presentSim.srcs/sources_1/imports/scripts/SBoxDecrypt.sv:21]
Failed to read verilog 'C:/Users/Muhammad/Documents/TeamCryptoXilinx/teamcrypto-security/presentSim/presentSim.srcs/sources_1/imports/scripts/SBoxDecrypt.sv'
INFO: [Common 17-83] Releasing license: Synthesis
5 Infos, 0 Warnings, 0 Critical Warnings and 20 Errors encountered.
synth_design failed
ERROR: [Common 17-69] Command failed: Vivado Synthesis failed
INFO: [Common 17-206] Exiting Vivado at Tue Jul 13 16:03:45 2021...
